{"uid":"ad945af66c3e9319","name":"Проверка создания пользователя","fullName":"tests.test_ui.test_first#test_positive_registration_with_fixture_params","historyId":"56a131b505deecd572da5676d449fa86","time":{"start":1760786819572,"stop":1760786833418,"duration":13846},"description":"\nЭтот тест проверяет:\n- Регистрацию пользователя с позитивным сценарием\n- Прохождение регистрации на данных параметров фикстуры registration_data_with_params (хранится в test_ui/conftest.py)\n- Проверка успеха прохождения регистрации \nИЛИ\n- Проверка предупреждения, что пользователь уже создан с таким email\n","descriptionHtml":"<p>Этот тест проверяет:</p>\n<ul>\n<li>Регистрацию пользователя с позитивным сценарием</li>\n<li>Прохождение регистрации на данных параметров фикстуры registration_data_with_params (хранится в test_ui/conftest.py)</li>\n<li>Проверка успеха прохождения регистрации<br />\nИЛИ</li>\n<li>Проверка предупреждения, что пользователь уже создан с таким email</li>\n</ul>\n","status":"broken","statusMessage":"selenium.common.exceptions.TimeoutException: Message: \nStacktrace:\n#0 0x5584b5c3467a <unknown>\n#1 0x5584b56b3566 <unknown>\n#2 0x5584b570568d <unknown>\n#3 0x5584b5705921 <unknown>\n#4 0x5584b5753e94 <unknown>\n#5 0x5584b572b65d <unknown>\n#6 0x5584b5751328 <unknown>\n#7 0x5584b572b403 <unknown>\n#8 0x5584b56f7b02 <unknown>\n#9 0x5584b56f87c1 <unknown>\n#10 0x5584b5bf8448 <unknown>\n#11 0x5584b5bfc2af <unknown>\n#12 0x5584b5bdf8d9 <unknown>\n#13 0x5584b5bfce55 <unknown>\n#14 0x5584b5bc513f <unknown>\n#15 0x5584b5c214b8 <unknown>\n#16 0x5584b5c21693 <unknown>\n#17 0x5584b5c33613 <unknown>\n#18 0x7fd4a9a2eb7b <unknown>","statusTrace":"browser = <selenium.webdriver.chrome.webdriver.WebDriver (session=\"f9dbd1f7aee6e5d9796df0dd90087aad\")>\nbase_url = 'http://31.59.174.108'\nwait = <selenium.webdriver.support.wait.WebDriverWait (session=\"f9dbd1f7aee6e5d9796df0dd90087aad\")>\nregistration_data_with_params = {'email': 'test4@mail.ru', 'name': 'User27', 'password': 'qwertyu3'}\n\n    @allure.epic(\"Аутентификация и авторизация\")\n    @allure.feature(\"Регистрация пользователей\")\n    @allure.suite(\"Смоук тесты\")\n    @allure.severity(allure.severity_level.CRITICAL)\n    @allure.tag(\"smoke\", \"ui\")\n    @allure.label(\"owner\", \"QA - evgeny_gord\")\n    @allure.id(\"TEST-123\")\n    @allure.title(\"Проверка создания пользователя\")\n    @allure.description(\"\"\"\n    Этот тест проверяет:\n    - Регистрацию пользователя с позитивным сценарием\n    - Прохождение регистрации на данных параметров фикстуры registration_data_with_params (хранится в test_ui/conftest.py)\n    - Проверка успеха прохождения регистрации\n    ИЛИ\n    - Проверка предупреждения, что пользователь уже создан с таким email\n    \"\"\")\n    @allure.link(\"https://jira.example.com/TEST-123\", name=\"JIRA Task\")\n    @allure.issue(\"BUG-456\", \"https://bugtracker.com/BUG-456\")\n    @allure.testcase(\"TC-789\", \"https://testcase.com/TC-789\")\n    def test_positive_registration_with_fixture_params(browser, base_url, wait, registration_data_with_params):\n        #driver = webdriver.Chrome(service=Service(executable_path='C:/chromedriver.exe'))\n        # driver = webdriver.Chrome(service=Service(ChromeDriverManager().install()))\n        # driver.get(url)\n        with allure.step('Переход на страницу Регистрации'):\n            browser.get(f\"{base_url}/sign_up\")\n            WebDriverWait(browser, 10).until(\n                EC.url_contains(\"/sign_up\")\n            )\n        #time.sleep(2)\n        with allure.step('Заполнение поля email'):\n>           email_field = wait.until(EC.presence_of_element_located((By.ID, \"email\")))\n                          ^^^^^^^^^^^^^^^^^^^^^^^^^^^^^^^^^^^^^^^^^^^^^^^^^^^^^^^^^^^^\n\ntests/test_ui/test_first.py:189: \n_ _ _ _ _ _ _ _ _ _ _ _ _ _ _ _ _ _ _ _ _ _ _ _ _ _ _ _ _ _ _ _ _ _ _ _ _ _ _ _ \n\nself = <selenium.webdriver.support.wait.WebDriverWait (session=\"f9dbd1f7aee6e5d9796df0dd90087aad\")>\nmethod = <function presence_of_element_located.<locals>._predicate at 0x7f66f4c27600>\nmessage = ''\n\n    def until(self, method: Callable[[D], Union[Literal[False], T]], message: str = \"\") -> T:\n        \"\"\"Wait until the method returns a value that is not False.\n    \n        Calls the method provided with the driver as an argument until the\n        return value does not evaluate to ``False``.\n    \n        Parameters:\n        -----------\n        method: callable(WebDriver)\n            - A callable object that takes a WebDriver instance as an argument.\n    \n        message: str\n            - Optional message for :exc:`TimeoutException`\n    \n        Return:\n        -------\n        object: T\n            - The result of the last call to `method`\n    \n        Raises:\n        -------\n        TimeoutException\n            - If 'method' does not return a truthy value within the WebDriverWait\n            object's timeout\n    \n        Example:\n        --------\n        >>> from selenium.webdriver.common.by import By\n        >>> from selenium.webdriver.support.ui import WebDriverWait\n        >>> from selenium.webdriver.support import expected_conditions as EC\n    \n        # Wait until an element is visible on the page\n        >>> wait = WebDriverWait(driver, 10)\n        >>> element = wait.until(EC.visibility_of_element_located((By.ID, \"exampleId\")))\n        >>> print(element.text)\n        \"\"\"\n        screen = None\n        stacktrace = None\n    \n        end_time = time.monotonic() + self._timeout\n        while True:\n            try:\n                value = method(self._driver)\n                if value:\n                    return value\n            except self._ignored_exceptions as exc:\n                screen = getattr(exc, \"screen\", None)\n                stacktrace = getattr(exc, \"stacktrace\", None)\n            if time.monotonic() > end_time:\n                break\n            time.sleep(self._poll)\n>       raise TimeoutException(message, screen, stacktrace)\nE       selenium.common.exceptions.TimeoutException: Message: \nE       Stacktrace:\nE       #0 0x5584b5c3467a <unknown>\nE       #1 0x5584b56b3566 <unknown>\nE       #2 0x5584b570568d <unknown>\nE       #3 0x5584b5705921 <unknown>\nE       #4 0x5584b5753e94 <unknown>\nE       #5 0x5584b572b65d <unknown>\nE       #6 0x5584b5751328 <unknown>\nE       #7 0x5584b572b403 <unknown>\nE       #8 0x5584b56f7b02 <unknown>\nE       #9 0x5584b56f87c1 <unknown>\nE       #10 0x5584b5bf8448 <unknown>\nE       #11 0x5584b5bfc2af <unknown>\nE       #12 0x5584b5bdf8d9 <unknown>\nE       #13 0x5584b5bfce55 <unknown>\nE       #14 0x5584b5bc513f <unknown>\nE       #15 0x5584b5c214b8 <unknown>\nE       #16 0x5584b5c21693 <unknown>\nE       #17 0x5584b5c33613 <unknown>\nE       #18 0x7fd4a9a2eb7b <unknown>\n\n/usr/local/lib/python3.12/site-packages/selenium/webdriver/support/wait.py:138: TimeoutException","flaky":false,"newFailed":false,"newBroken":false,"newPassed":false,"retriesCount":8,"retriesStatusChange":true,"beforeStages":[{"name":"_session_faker","time":{"start":1760786703904,"stop":1760786704085,"duration":181},"status":"passed","steps":[],"attachments":[],"parameters":[],"shouldDisplayMessage":false,"attachmentsCount":0,"stepsCount":0,"hasContent":false,"attachmentStep":false},{"name":"browser","time":{"start":1760786811443,"stop":1760786819570,"duration":8127},"status":"passed","steps":[],"attachments":[],"parameters":[],"shouldDisplayMessage":false,"attachmentsCount":0,"stepsCount":0,"hasContent":false,"attachmentStep":false},{"name":"base_url","time":{"start":1760786819570,"stop":1760786819570,"duration":0},"status":"passed","steps":[],"attachments":[],"parameters":[],"shouldDisplayMessage":false,"attachmentsCount":0,"stepsCount":0,"hasContent":false,"attachmentStep":false},{"name":"wait","time":{"start":1760786819570,"stop":1760786819570,"duration":0},"status":"passed","steps":[],"attachments":[],"parameters":[],"shouldDisplayMessage":false,"attachmentsCount":0,"stepsCount":0,"hasContent":false,"attachmentStep":false},{"name":"registration_data_with_params","time":{"start":1760786819570,"stop":1760786819571,"duration":1},"status":"passed","steps":[],"attachments":[],"parameters":[],"shouldDisplayMessage":false,"attachmentsCount":0,"stepsCount":0,"hasContent":false,"attachmentStep":false}],"testStage":{"description":"\nЭтот тест проверяет:\n- Регистрацию пользователя с позитивным сценарием\n- Прохождение регистрации на данных параметров фикстуры registration_data_with_params (хранится в test_ui/conftest.py)\n- Проверка успеха прохождения регистрации \nИЛИ\n- Проверка предупреждения, что пользователь уже создан с таким email\n","status":"broken","statusMessage":"selenium.common.exceptions.TimeoutException: Message: \nStacktrace:\n#0 0x5584b5c3467a <unknown>\n#1 0x5584b56b3566 <unknown>\n#2 0x5584b570568d <unknown>\n#3 0x5584b5705921 <unknown>\n#4 0x5584b5753e94 <unknown>\n#5 0x5584b572b65d <unknown>\n#6 0x5584b5751328 <unknown>\n#7 0x5584b572b403 <unknown>\n#8 0x5584b56f7b02 <unknown>\n#9 0x5584b56f87c1 <unknown>\n#10 0x5584b5bf8448 <unknown>\n#11 0x5584b5bfc2af <unknown>\n#12 0x5584b5bdf8d9 <unknown>\n#13 0x5584b5bfce55 <unknown>\n#14 0x5584b5bc513f <unknown>\n#15 0x5584b5c214b8 <unknown>\n#16 0x5584b5c21693 <unknown>\n#17 0x5584b5c33613 <unknown>\n#18 0x7fd4a9a2eb7b <unknown>","statusTrace":"browser = <selenium.webdriver.chrome.webdriver.WebDriver (session=\"f9dbd1f7aee6e5d9796df0dd90087aad\")>\nbase_url = 'http://31.59.174.108'\nwait = <selenium.webdriver.support.wait.WebDriverWait (session=\"f9dbd1f7aee6e5d9796df0dd90087aad\")>\nregistration_data_with_params = {'email': 'test4@mail.ru', 'name': 'User27', 'password': 'qwertyu3'}\n\n    @allure.epic(\"Аутентификация и авторизация\")\n    @allure.feature(\"Регистрация пользователей\")\n    @allure.suite(\"Смоук тесты\")\n    @allure.severity(allure.severity_level.CRITICAL)\n    @allure.tag(\"smoke\", \"ui\")\n    @allure.label(\"owner\", \"QA - evgeny_gord\")\n    @allure.id(\"TEST-123\")\n    @allure.title(\"Проверка создания пользователя\")\n    @allure.description(\"\"\"\n    Этот тест проверяет:\n    - Регистрацию пользователя с позитивным сценарием\n    - Прохождение регистрации на данных параметров фикстуры registration_data_with_params (хранится в test_ui/conftest.py)\n    - Проверка успеха прохождения регистрации\n    ИЛИ\n    - Проверка предупреждения, что пользователь уже создан с таким email\n    \"\"\")\n    @allure.link(\"https://jira.example.com/TEST-123\", name=\"JIRA Task\")\n    @allure.issue(\"BUG-456\", \"https://bugtracker.com/BUG-456\")\n    @allure.testcase(\"TC-789\", \"https://testcase.com/TC-789\")\n    def test_positive_registration_with_fixture_params(browser, base_url, wait, registration_data_with_params):\n        #driver = webdriver.Chrome(service=Service(executable_path='C:/chromedriver.exe'))\n        # driver = webdriver.Chrome(service=Service(ChromeDriverManager().install()))\n        # driver.get(url)\n        with allure.step('Переход на страницу Регистрации'):\n            browser.get(f\"{base_url}/sign_up\")\n            WebDriverWait(browser, 10).until(\n                EC.url_contains(\"/sign_up\")\n            )\n        #time.sleep(2)\n        with allure.step('Заполнение поля email'):\n>           email_field = wait.until(EC.presence_of_element_located((By.ID, \"email\")))\n                          ^^^^^^^^^^^^^^^^^^^^^^^^^^^^^^^^^^^^^^^^^^^^^^^^^^^^^^^^^^^^\n\ntests/test_ui/test_first.py:189: \n_ _ _ _ _ _ _ _ _ _ _ _ _ _ _ _ _ _ _ _ _ _ _ _ _ _ _ _ _ _ _ _ _ _ _ _ _ _ _ _ \n\nself = <selenium.webdriver.support.wait.WebDriverWait (session=\"f9dbd1f7aee6e5d9796df0dd90087aad\")>\nmethod = <function presence_of_element_located.<locals>._predicate at 0x7f66f4c27600>\nmessage = ''\n\n    def until(self, method: Callable[[D], Union[Literal[False], T]], message: str = \"\") -> T:\n        \"\"\"Wait until the method returns a value that is not False.\n    \n        Calls the method provided with the driver as an argument until the\n        return value does not evaluate to ``False``.\n    \n        Parameters:\n        -----------\n        method: callable(WebDriver)\n            - A callable object that takes a WebDriver instance as an argument.\n    \n        message: str\n            - Optional message for :exc:`TimeoutException`\n    \n        Return:\n        -------\n        object: T\n            - The result of the last call to `method`\n    \n        Raises:\n        -------\n        TimeoutException\n            - If 'method' does not return a truthy value within the WebDriverWait\n            object's timeout\n    \n        Example:\n        --------\n        >>> from selenium.webdriver.common.by import By\n        >>> from selenium.webdriver.support.ui import WebDriverWait\n        >>> from selenium.webdriver.support import expected_conditions as EC\n    \n        # Wait until an element is visible on the page\n        >>> wait = WebDriverWait(driver, 10)\n        >>> element = wait.until(EC.visibility_of_element_located((By.ID, \"exampleId\")))\n        >>> print(element.text)\n        \"\"\"\n        screen = None\n        stacktrace = None\n    \n        end_time = time.monotonic() + self._timeout\n        while True:\n            try:\n                value = method(self._driver)\n                if value:\n                    return value\n            except self._ignored_exceptions as exc:\n                screen = getattr(exc, \"screen\", None)\n                stacktrace = getattr(exc, \"stacktrace\", None)\n            if time.monotonic() > end_time:\n                break\n            time.sleep(self._poll)\n>       raise TimeoutException(message, screen, stacktrace)\nE       selenium.common.exceptions.TimeoutException: Message: \nE       Stacktrace:\nE       #0 0x5584b5c3467a <unknown>\nE       #1 0x5584b56b3566 <unknown>\nE       #2 0x5584b570568d <unknown>\nE       #3 0x5584b5705921 <unknown>\nE       #4 0x5584b5753e94 <unknown>\nE       #5 0x5584b572b65d <unknown>\nE       #6 0x5584b5751328 <unknown>\nE       #7 0x5584b572b403 <unknown>\nE       #8 0x5584b56f7b02 <unknown>\nE       #9 0x5584b56f87c1 <unknown>\nE       #10 0x5584b5bf8448 <unknown>\nE       #11 0x5584b5bfc2af <unknown>\nE       #12 0x5584b5bdf8d9 <unknown>\nE       #13 0x5584b5bfce55 <unknown>\nE       #14 0x5584b5bc513f <unknown>\nE       #15 0x5584b5c214b8 <unknown>\nE       #16 0x5584b5c21693 <unknown>\nE       #17 0x5584b5c33613 <unknown>\nE       #18 0x7fd4a9a2eb7b <unknown>\n\n/usr/local/lib/python3.12/site-packages/selenium/webdriver/support/wait.py:138: TimeoutException","steps":[{"name":"Переход на страницу Регистрации","time":{"start":1760786819573,"stop":1760786822998,"duration":3425},"status":"passed","steps":[],"attachments":[],"parameters":[],"shouldDisplayMessage":false,"attachmentsCount":0,"stepsCount":0,"hasContent":false,"attachmentStep":false},{"name":"Заполнение поля email","time":{"start":1760786822998,"stop":1760786833413,"duration":10415},"status":"broken","statusMessage":"selenium.common.exceptions.TimeoutException: Message: \nStacktrace:\n#0 0x5584b5c3467a <unknown>\n#1 0x5584b56b3566 <unknown>\n#2 0x5584b570568d <unknown>\n#3 0x5584b5705921 <unknown>\n#4 0x5584b5753e94 <unknown>\n#5 0x5584b572b65d <unknown>\n#6 0x5584b5751328 <unknown>\n#7 0x5584b572b403 <unknown>\n#8 0x5584b56f7b02 <unknown>\n#9 0x5584b56f87c1 <unknown>\n#10 0x5584b5bf8448 <unknown>\n#11 0x5584b5bfc2af <unknown>\n#12 0x5584b5bdf8d9 <unknown>\n#13 0x5584b5bfce55 <unknown>\n#14 0x5584b5bc513f <unknown>\n#15 0x5584b5c214b8 <unknown>\n#16 0x5584b5c21693 <unknown>\n#17 0x5584b5c33613 <unknown>\n#18 0x7fd4a9a2eb7b <unknown>\n\n","statusTrace":"  File \"/app/tests/test_ui/test_first.py\", line 189, in test_positive_registration_with_fixture_params\n    email_field = wait.until(EC.presence_of_element_located((By.ID, \"email\")))\n                  ^^^^^^^^^^^^^^^^^^^^^^^^^^^^^^^^^^^^^^^^^^^^^^^^^^^^^^^^^^^^\n  File \"/usr/local/lib/python3.12/site-packages/selenium/webdriver/support/wait.py\", line 138, in until\n    raise TimeoutException(message, screen, stacktrace)\n","steps":[],"attachments":[],"parameters":[],"shouldDisplayMessage":true,"attachmentsCount":0,"stepsCount":0,"hasContent":true,"attachmentStep":false}],"attachments":[{"uid":"65d02ffdf0a87c07","name":"stdout","source":"65d02ffdf0a87c07.txt","type":"text/plain","size":137}],"parameters":[],"shouldDisplayMessage":true,"attachmentsCount":1,"stepsCount":2,"hasContent":true,"attachmentStep":false},"afterStages":[{"name":"browser::0","time":{"start":1760786833454,"stop":1760786833639,"duration":185},"status":"passed","steps":[],"attachments":[],"parameters":[],"shouldDisplayMessage":false,"attachmentsCount":0,"stepsCount":0,"hasContent":false,"attachmentStep":false}],"labels":[{"name":"suite","value":"Смоук тесты"},{"name":"as_id","value":"TEST-123"},{"name":"epic","value":"Аутентификация и авторизация"},{"name":"tag","value":"smoke"},{"name":"feature","value":"Регистрация пользователей"},{"name":"owner","value":"QA - evgeny_gord"},{"name":"severity","value":"critical"},{"name":"tag","value":"ui"},{"name":"parentSuite","value":"tests.test_ui"},{"name":"host","value":"1b79bd22dc0c"},{"name":"thread","value":"1-MainThread"},{"name":"framework","value":"pytest"},{"name":"language","value":"cpython3"},{"name":"package","value":"tests.test_ui.test_first"},{"name":"resultFormat","value":"allure2"}],"parameters":[{"name":"registration_data_with_params","value":"{'email': 'test4@mail.ru', 'name': 'User27', 'password': 'qwertyu3'}"}],"links":[{"name":"https://testcase.com/TC-789","url":"TC-789","type":"tms"},{"name":"https://bugtracker.com/BUG-456","url":"BUG-456","type":"issue"},{"name":"JIRA Task","url":"https://jira.example.com/TEST-123","type":"link"}],"hidden":false,"retry":false,"extra":{"severity":"critical","owner":"QA - evgeny_gord","retries":[{"uid":"e9f466669a81a72e","status":"passed","time":{"start":1760785787169,"stop":1760785795677,"duration":8508}},{"uid":"8d304c299dc77ebf","status":"broken","statusDetails":"selenium.common.exceptions.WebDriverException: Message: unknown error: net::ERR_CONNECTION_REFUSED\n  (Session info: chrome=141.0.7390.107)\nStacktrace:\n#0 0x55c6ab8bf67a <unknown>\n#1 0x55c6ab33e566 <unknown>\n#2 0x55c6ab335470 <unknown>\n#3 0x55c6ab326926 <unknown>\n#4 0x55c6ab32872b <unknown>\n#5 0x55c6ab326eb1 <unknown>\n#6 0x55c6ab326650 <unknown>\n#7 0x55c6ab326302 <unknown>\n#8 0x55c6ab324142 <unknown>\n#9 0x55c6ab32492a <unknown>\n#10 0x55c6ab341a99 <unknown>\n#11 0x55c6ab3dcee5 <unknown>\n#12 0x55c6ab3b6632 <unknown>\n#13 0x55c6ab3dc328 <unknown>\n#14 0x55c6ab3b6403 <unknown>\n#15 0x55c6ab382b02 <unknown>\n#16 0x55c6ab3837c1 <unknown>\n#17 0x55c6ab883448 <unknown>\n#18 0x55c6ab8872af <unknown>\n#19 0x55c6ab86a8d9 <unknown>\n#20 0x55c6ab887e55 <unknown>\n#21 0x55c6ab85013f <unknown>\n#22 0x55c6ab8ac4b8 <unknown>\n#23 0x55c6ab8ac693 <unknown>\n#24 0x55c6ab8be613 <unknown>\n#25 0x7fb4dc5a5b7b <unknown>","time":{"start":1760784835145,"stop":1760784838355,"duration":3210}},{"uid":"f453b6fa2c062581","status":"broken","statusDetails":"selenium.common.exceptions.WebDriverException: Message: unknown error: net::ERR_CONNECTION_REFUSED\n  (Session info: chrome=141.0.7390.107)\nStacktrace:\n#0 0x5589fd7dc67a <unknown>\n#1 0x5589fd25b566 <unknown>\n#2 0x5589fd252470 <unknown>\n#3 0x5589fd243926 <unknown>\n#4 0x5589fd24572b <unknown>\n#5 0x5589fd243eb1 <unknown>\n#6 0x5589fd243650 <unknown>\n#7 0x5589fd243302 <unknown>\n#8 0x5589fd241142 <unknown>\n#9 0x5589fd24192a <unknown>\n#10 0x5589fd25ea99 <unknown>\n#11 0x5589fd2f9ee5 <unknown>\n#12 0x5589fd2d3632 <unknown>\n#13 0x5589fd2f9328 <unknown>\n#14 0x5589fd2d3403 <unknown>\n#15 0x5589fd29fb02 <unknown>\n#16 0x5589fd2a07c1 <unknown>\n#17 0x5589fd7a0448 <unknown>\n#18 0x5589fd7a42af <unknown>\n#19 0x5589fd7878d9 <unknown>\n#20 0x5589fd7a4e55 <unknown>\n#21 0x5589fd76d13f <unknown>\n#22 0x5589fd7c94b8 <unknown>\n#23 0x5589fd7c9693 <unknown>\n#24 0x5589fd7db613 <unknown>\n#25 0x7f4193bbcb7b <unknown>","time":{"start":1760783574057,"stop":1760783576905,"duration":2848}},{"uid":"80ef9af24bf1e1a3","status":"broken","statusDetails":"selenium.common.exceptions.WebDriverException: Message: unknown error: net::ERR_CONNECTION_REFUSED\n  (Session info: chrome=141.0.7390.107)\nStacktrace:\n#0 0x55d66eb3467a <unknown>\n#1 0x55d66e5b3566 <unknown>\n#2 0x55d66e5aa470 <unknown>\n#3 0x55d66e59b926 <unknown>\n#4 0x55d66e59d72b <unknown>\n#5 0x55d66e59beb1 <unknown>\n#6 0x55d66e59b650 <unknown>\n#7 0x55d66e59b302 <unknown>\n#8 0x55d66e599142 <unknown>\n#9 0x55d66e59992a <unknown>\n#10 0x55d66e5b6a99 <unknown>\n#11 0x55d66e651ee5 <unknown>\n#12 0x55d66e62b632 <unknown>\n#13 0x55d66e651328 <unknown>\n#14 0x55d66e62b403 <unknown>\n#15 0x55d66e5f7b02 <unknown>\n#16 0x55d66e5f87c1 <unknown>\n#17 0x55d66eaf8448 <unknown>\n#18 0x55d66eafc2af <unknown>\n#19 0x55d66eadf8d9 <unknown>\n#20 0x55d66eafce55 <unknown>\n#21 0x55d66eac513f <unknown>\n#22 0x55d66eb214b8 <unknown>\n#23 0x55d66eb21693 <unknown>\n#24 0x55d66eb33613 <unknown>\n#25 0x7f0b6b462b7b <unknown>","time":{"start":1760783239154,"stop":1760783242281,"duration":3127}},{"uid":"aafa03af3c1dfa63","status":"broken","statusDetails":"selenium.common.exceptions.WebDriverException: Message: unknown error: net::ERR_CONNECTION_CLOSED\n  (Session info: chrome=141.0.7390.107)\nStacktrace:\n#0 0x55b8c347067a <unknown>\n#1 0x55b8c2eef566 <unknown>\n#2 0x55b8c2ee6470 <unknown>\n#3 0x55b8c2ed7926 <unknown>\n#4 0x55b8c2ed972b <unknown>\n#5 0x55b8c2ed7eb1 <unknown>\n#6 0x55b8c2ed7650 <unknown>\n#7 0x55b8c2ed7302 <unknown>\n#8 0x55b8c2ed5142 <unknown>\n#9 0x55b8c2ed592a <unknown>\n#10 0x55b8c2ef2a99 <unknown>\n#11 0x55b8c2f8dee5 <unknown>\n#12 0x55b8c2f67632 <unknown>\n#13 0x55b8c2f8d328 <unknown>\n#14 0x55b8c2f67403 <unknown>\n#15 0x55b8c2f33b02 <unknown>\n#16 0x55b8c2f347c1 <unknown>\n#17 0x55b8c3434448 <unknown>\n#18 0x55b8c34382af <unknown>\n#19 0x55b8c341b8d9 <unknown>\n#20 0x55b8c3438e55 <unknown>\n#21 0x55b8c340113f <unknown>\n#22 0x55b8c345d4b8 <unknown>\n#23 0x55b8c345d693 <unknown>\n#24 0x55b8c346f613 <unknown>\n#25 0x7f0982d61b7b <unknown>","time":{"start":1760650469226,"stop":1760650470382,"duration":1156}},{"uid":"685980f97201a909","status":"passed","time":{"start":1760648949296,"stop":1760648964384,"duration":15088}},{"uid":"10ae822359e7a869","status":"broken","statusDetails":"selenium.common.exceptions.SessionNotCreatedException: Message: session not created: probably user data directory is already in use, please specify a unique value for --user-data-dir argument, or don't use --user-data-dir; For documentation on this error, please visit: https://www.selenium.dev/documentation/webdriver/troubleshooting/errors#sessionnotcreatedexception\nStacktrace:\n#0 0x5564b585767a <unknown>\n#1 0x5564b52d6566 <unknown>\n#2 0x5564b5311b4c <unknown>\n#3 0x5564b530d7c4 <unknown>\n#4 0x5564b535cbd3 <unknown>\n#5 0x5564b535c286 <unknown>\n#6 0x5564b534e403 <unknown>\n#7 0x5564b531ab02 <unknown>\n#8 0x5564b531b7c1 <unknown>\n#9 0x5564b581b448 <unknown>\n#10 0x5564b581f2af <unknown>\n#11 0x5564b58028d9 <unknown>\n#12 0x5564b581fe55 <unknown>\n#13 0x5564b57e813f <unknown>\n#14 0x5564b58444b8 <unknown>\n#15 0x5564b5844693 <unknown>\n#16 0x5564b5856613 <unknown>\n#17 0x7f7b3a1c2b7b <unknown>","time":{"start":1760647340550,"stop":1760647340550,"duration":0}},{"uid":"7c6a9dd3175cea84","status":"broken","statusDetails":"selenium.common.exceptions.WebDriverException: Message: Service /root/.wdm/drivers/chromedriver/linux64/114.0.5735.90/chromedriver unexpectedly exited. Status code was: 127","time":{"start":1760646042124,"stop":1760646042124,"duration":0}}],"categories":[{"name":"Test defects","matchedStatuses":[],"flaky":false}],"tags":["ui","smoke"]},"source":"ad945af66c3e9319.json","parameterValues":["{'email': 'test4@mail.ru', 'name': 'User27', 'password': 'qwertyu3'}"]}