{"uid":"f3bd08fb5107361a","name":"Проверка создания пользователя","fullName":"tests.test_ui.test_first#test_positive_registration_faker","historyId":"344dd844828b7875f5a780d9f1936342","time":{"start":1760648894068,"stop":1760648908207,"duration":14139},"description":"\nЭтот тест проверяет:\n- Регистрацию пользователя с позитивным сценарием\n- Ввод рандомных значений с помощью библиотеки faker\n- Проверка успеха прохождения регистрации \nИЛИ\n- Проверка предупреждения, что пользователь уже создан с таким email\n","descriptionHtml":"<p>Этот тест проверяет:</p>\n<ul>\n<li>Регистрацию пользователя с позитивным сценарием</li>\n<li>Ввод рандомных значений с помощью библиотеки faker</li>\n<li>Проверка успеха прохождения регистрации<br />\nИЛИ</li>\n<li>Проверка предупреждения, что пользователь уже создан с таким email</li>\n</ul>\n","status":"broken","statusMessage":"selenium.common.exceptions.NoSuchElementException: Message: no such element: Unable to locate element: {\"method\":\"css selector\",\"selector\":\".Toastify__toast-body>div:nth-child(2)\"}\n  (Session info: chrome=141.0.7390.107); For documentation on this error, please visit: https://www.selenium.dev/documentation/webdriver/troubleshooting/errors#nosuchelementexception\nStacktrace:\n#0 0x55b37df3767a <unknown>\n#1 0x55b37d9b6566 <unknown>\n#2 0x55b37da0868d <unknown>\n#3 0x55b37da08921 <unknown>\n#4 0x55b37da56e94 <unknown>\n#5 0x55b37da2e65d <unknown>\n#6 0x55b37da54328 <unknown>\n#7 0x55b37da2e403 <unknown>\n#8 0x55b37d9fab02 <unknown>\n#9 0x55b37d9fb7c1 <unknown>\n#10 0x55b37defb448 <unknown>\n#11 0x55b37deff2af <unknown>\n#12 0x55b37dee28d9 <unknown>\n#13 0x55b37deffe55 <unknown>\n#14 0x55b37dec813f <unknown>\n#15 0x55b37df244b8 <unknown>\n#16 0x55b37df24693 <unknown>\n#17 0x55b37df36613 <unknown>\n#18 0x7f0d09504b7b <unknown>","statusTrace":"browser = <selenium.webdriver.chrome.webdriver.WebDriver (session=\"ffdd04e3f96d7a29d67946dc2e4e2f21\")>\nbase_url = 'http://31.59.174.108'\nwait = <selenium.webdriver.support.wait.WebDriverWait (session=\"ffdd04e3f96d7a29d67946dc2e4e2f21\")>\nfaker_data = {'email': 'galkinmaksim@yandex.ru', 'name': 'Харитон', 'password': '(b48He6('}\n\n    @allure.epic(\"Аутентификация и авторизация\")\n    @allure.feature(\"Регистрация пользователей\")\n    @allure.suite(\"Смоук тесты\")\n    @allure.severity(allure.severity_level.CRITICAL)\n    @allure.tag(\"smoke\", \"ui\")\n    @allure.label(\"owner\", \"QA - evgeny_gord\")\n    @allure.id(\"TEST-123\")\n    @allure.title(\"Проверка создания пользователя\")\n    @allure.description(\"\"\"\n    Этот тест проверяет:\n    - Регистрацию пользователя с позитивным сценарием\n    - Ввод рандомных значений с помощью библиотеки faker\n    - Проверка успеха прохождения регистрации\n    ИЛИ\n    - Проверка предупреждения, что пользователь уже создан с таким email\n    \"\"\")\n    @allure.link(\"https://jira.example.com/TEST-123\", name=\"JIRA Task\")\n    @allure.issue(\"BUG-456\", \"https://bugtracker.com/BUG-456\")\n    @allure.testcase(\"TC-789\", \"https://testcase.com/TC-789\")\n    def test_positive_registration_faker(browser, base_url, wait, faker_data):\n        #driver = webdriver.Chrome(service=Service(executable_path='C:/chromedriver.exe'))\n        # driver = webdriver.Chrome(service=Service(ChromeDriverManager().install()))\n        # driver.get(url)\n        with allure.step('Переход на страницу Регистрации'):\n            browser.get(f\"{base_url}/sign_up\")\n        #time.sleep(2)\n    \n        with allure.step('Заполнение поля email'):\n            email_field = wait.until(EC.presence_of_element_located((By.ID, \"email\")))\n            # EC.url_to_be()  #соответствие страницы на которую переходим\n            # EC.presence_of_element_located() # проверяет наличие элемента в дереве дом (не надо ждать пока отрисуется)\n            # EC.visibility_of_element_located() # проверяет видимость элемента и что пользователю виден\n            email_field.send_keys(faker_data[\"email\"])\n            #browser.find_element(By.ID, \"email\").send_keys(\"myuser1@mail.ru\")\n        with allure.step('Заполнение поля name'):\n            browser.find_element(By.ID, \"username\").send_keys(faker_data['name'])\n    \n        with allure.step('Заполнение поля password'):\n            browser.find_element(By.ID, \"pass1\").send_keys(faker_data['password'])\n            browser.find_element(By.ID, \"pass2\").send_keys(faker_data['password'])\n    \n        with allure.step('Зарегистрироваться'):\n            browser.find_element(By.CSS_SELECTOR, \".space-y-5>button\").click()\n        time.sleep(5)\n        with allure.step(\"Ожидаем страницу регистрации/авторизации\"):\n>           alert = browser.find_element(By.CSS_SELECTOR, \".Toastify__toast-body>div:nth-child(2)\")\n                    ^^^^^^^^^^^^^^^^^^^^^^^^^^^^^^^^^^^^^^^^^^^^^^^^^^^^^^^^^^^^^^^^^^^^^^^^^^^^^^^\n\ntests/test_ui/test_first.py:133: \n_ _ _ _ _ _ _ _ _ _ _ _ _ _ _ _ _ _ _ _ _ _ _ _ _ _ _ _ _ _ _ _ _ _ _ _ _ _ _ _ \n/usr/local/lib/python3.12/site-packages/selenium/webdriver/remote/webdriver.py:926: in find_element\n    return self.execute(Command.FIND_ELEMENT, {\"using\": by, \"value\": value})[\"value\"]\n           ^^^^^^^^^^^^^^^^^^^^^^^^^^^^^^^^^^^^^^^^^^^^^^^^^^^^^^^^^^^^^^^^^\n/usr/local/lib/python3.12/site-packages/selenium/webdriver/remote/webdriver.py:458: in execute\n    self.error_handler.check_response(response)\n_ _ _ _ _ _ _ _ _ _ _ _ _ _ _ _ _ _ _ _ _ _ _ _ _ _ _ _ _ _ _ _ _ _ _ _ _ _ _ _ \n\nself = <selenium.webdriver.remote.errorhandler.ErrorHandler object at 0x7f6d2c857260>\nresponse = {'status': 404, 'value': '{\"value\":{\"error\":\"no such element\",\"message\":\"no such element: Unable to locate element: {\\...\\\\n#16 0x55b37df24693 \\\\u003Cunknown>\\\\n#17 0x55b37df36613 \\\\u003Cunknown>\\\\n#18 0x7f0d09504b7b \\\\u003Cunknown>\\\\n\"}}'}\n\n    def check_response(self, response: dict[str, Any]) -> None:\n        \"\"\"Checks that a JSON response from the WebDriver does not have an\n        error.\n    \n        :Args:\n         - response - The JSON response from the WebDriver server as a dictionary\n           object.\n    \n        :Raises: If the response contains an error message.\n        \"\"\"\n        status = response.get(\"status\", None)\n        if not status or status == ErrorCode.SUCCESS:\n            return\n        value = None\n        message = response.get(\"message\", \"\")\n        screen: str = response.get(\"screen\", \"\")\n        stacktrace = None\n        if isinstance(status, int):\n            value_json = response.get(\"value\", None)\n            if value_json and isinstance(value_json, str):\n                try:\n                    value = json.loads(value_json)\n                    if isinstance(value, dict):\n                        if len(value) == 1:\n                            value = value[\"value\"]\n                        status = value.get(\"error\", None)\n                        if not status:\n                            status = value.get(\"status\", ErrorCode.UNKNOWN_ERROR)\n                            message = value.get(\"value\") or value.get(\"message\")\n                            if not isinstance(message, str):\n                                value = message\n                                message = message.get(\"message\") if isinstance(message, dict) else None\n                        else:\n                            message = value.get(\"message\", None)\n                except ValueError:\n                    pass\n    \n        exception_class: type[WebDriverException]\n        e = ErrorCode()\n        error_codes = [item for item in dir(e) if not item.startswith(\"__\")]\n        for error_code in error_codes:\n            error_info = getattr(ErrorCode, error_code)\n            if isinstance(error_info, list) and status in error_info:\n                exception_class = getattr(ExceptionMapping, error_code, WebDriverException)\n                break\n        else:\n            exception_class = WebDriverException\n    \n        if not value:\n            value = response[\"value\"]\n        if isinstance(value, str):\n            raise exception_class(value)\n        if message == \"\" and \"message\" in value:\n            message = value[\"message\"]\n    \n        screen = None  # type: ignore[assignment]\n        if \"screen\" in value:\n            screen = value[\"screen\"]\n    \n        stacktrace = None\n        st_value = value.get(\"stackTrace\") or value.get(\"stacktrace\")\n        if st_value:\n            if isinstance(st_value, str):\n                stacktrace = st_value.split(\"\\n\")\n            else:\n                stacktrace = []\n                try:\n                    for frame in st_value:\n                        line = frame.get(\"lineNumber\", \"\")\n                        file = frame.get(\"fileName\", \"<anonymous>\")\n                        if line:\n                            file = f\"{file}:{line}\"\n                        meth = frame.get(\"methodName\", \"<anonymous>\")\n                        if \"className\" in frame:\n                            meth = f\"{frame['className']}.{meth}\"\n                        msg = \"    at %s (%s)\"\n                        msg = msg % (meth, file)\n                        stacktrace.append(msg)\n                except TypeError:\n                    pass\n        if exception_class == UnexpectedAlertPresentException:\n            alert_text = None\n            if \"data\" in value:\n                alert_text = value[\"data\"].get(\"text\")\n            elif \"alert\" in value:\n                alert_text = value[\"alert\"].get(\"text\")\n            raise exception_class(message, screen, stacktrace, alert_text)  # type: ignore[call-arg]  # mypy is not smart enough here\n>       raise exception_class(message, screen, stacktrace)\nE       selenium.common.exceptions.NoSuchElementException: Message: no such element: Unable to locate element: {\"method\":\"css selector\",\"selector\":\".Toastify__toast-body>div:nth-child(2)\"}\nE         (Session info: chrome=141.0.7390.107); For documentation on this error, please visit: https://www.selenium.dev/documentation/webdriver/troubleshooting/errors#nosuchelementexception\nE       Stacktrace:\nE       #0 0x55b37df3767a <unknown>\nE       #1 0x55b37d9b6566 <unknown>\nE       #2 0x55b37da0868d <unknown>\nE       #3 0x55b37da08921 <unknown>\nE       #4 0x55b37da56e94 <unknown>\nE       #5 0x55b37da2e65d <unknown>\nE       #6 0x55b37da54328 <unknown>\nE       #7 0x55b37da2e403 <unknown>\nE       #8 0x55b37d9fab02 <unknown>\nE       #9 0x55b37d9fb7c1 <unknown>\nE       #10 0x55b37defb448 <unknown>\nE       #11 0x55b37deff2af <unknown>\nE       #12 0x55b37dee28d9 <unknown>\nE       #13 0x55b37deffe55 <unknown>\nE       #14 0x55b37dec813f <unknown>\nE       #15 0x55b37df244b8 <unknown>\nE       #16 0x55b37df24693 <unknown>\nE       #17 0x55b37df36613 <unknown>\nE       #18 0x7f0d09504b7b <unknown>\n\n/usr/local/lib/python3.12/site-packages/selenium/webdriver/remote/errorhandler.py:232: NoSuchElementException","flaky":false,"newFailed":false,"newBroken":false,"newPassed":false,"retriesCount":0,"retriesStatusChange":false,"beforeStages":[{"name":"_session_faker","time":{"start":1760648710662,"stop":1760648710829,"duration":167},"status":"passed","steps":[],"attachments":[],"parameters":[],"shouldDisplayMessage":false,"attachmentsCount":0,"stepsCount":0,"hasContent":false,"attachmentStep":false},{"name":"browser","time":{"start":1760648890422,"stop":1760648892416,"duration":1994},"status":"passed","steps":[],"attachments":[],"parameters":[],"shouldDisplayMessage":false,"attachmentsCount":0,"stepsCount":0,"hasContent":false,"attachmentStep":false},{"name":"wait","time":{"start":1760648892417,"stop":1760648892417,"duration":0},"status":"passed","steps":[],"attachments":[],"parameters":[],"shouldDisplayMessage":false,"attachmentsCount":0,"stepsCount":0,"hasContent":false,"attachmentStep":false},{"name":"base_url","time":{"start":1760648892417,"stop":1760648892417,"duration":0},"status":"passed","steps":[],"attachments":[],"parameters":[],"shouldDisplayMessage":false,"attachmentsCount":0,"stepsCount":0,"hasContent":false,"attachmentStep":false},{"name":"faker_data","time":{"start":1760648892418,"stop":1760648894066,"duration":1648},"status":"passed","steps":[],"attachments":[],"parameters":[],"shouldDisplayMessage":false,"attachmentsCount":0,"stepsCount":0,"hasContent":false,"attachmentStep":false}],"testStage":{"description":"\nЭтот тест проверяет:\n- Регистрацию пользователя с позитивным сценарием\n- Ввод рандомных значений с помощью библиотеки faker\n- Проверка успеха прохождения регистрации \nИЛИ\n- Проверка предупреждения, что пользователь уже создан с таким email\n","status":"broken","statusMessage":"selenium.common.exceptions.NoSuchElementException: Message: no such element: Unable to locate element: {\"method\":\"css selector\",\"selector\":\".Toastify__toast-body>div:nth-child(2)\"}\n  (Session info: chrome=141.0.7390.107); For documentation on this error, please visit: https://www.selenium.dev/documentation/webdriver/troubleshooting/errors#nosuchelementexception\nStacktrace:\n#0 0x55b37df3767a <unknown>\n#1 0x55b37d9b6566 <unknown>\n#2 0x55b37da0868d <unknown>\n#3 0x55b37da08921 <unknown>\n#4 0x55b37da56e94 <unknown>\n#5 0x55b37da2e65d <unknown>\n#6 0x55b37da54328 <unknown>\n#7 0x55b37da2e403 <unknown>\n#8 0x55b37d9fab02 <unknown>\n#9 0x55b37d9fb7c1 <unknown>\n#10 0x55b37defb448 <unknown>\n#11 0x55b37deff2af <unknown>\n#12 0x55b37dee28d9 <unknown>\n#13 0x55b37deffe55 <unknown>\n#14 0x55b37dec813f <unknown>\n#15 0x55b37df244b8 <unknown>\n#16 0x55b37df24693 <unknown>\n#17 0x55b37df36613 <unknown>\n#18 0x7f0d09504b7b <unknown>","statusTrace":"browser = <selenium.webdriver.chrome.webdriver.WebDriver (session=\"ffdd04e3f96d7a29d67946dc2e4e2f21\")>\nbase_url = 'http://31.59.174.108'\nwait = <selenium.webdriver.support.wait.WebDriverWait (session=\"ffdd04e3f96d7a29d67946dc2e4e2f21\")>\nfaker_data = {'email': 'galkinmaksim@yandex.ru', 'name': 'Харитон', 'password': '(b48He6('}\n\n    @allure.epic(\"Аутентификация и авторизация\")\n    @allure.feature(\"Регистрация пользователей\")\n    @allure.suite(\"Смоук тесты\")\n    @allure.severity(allure.severity_level.CRITICAL)\n    @allure.tag(\"smoke\", \"ui\")\n    @allure.label(\"owner\", \"QA - evgeny_gord\")\n    @allure.id(\"TEST-123\")\n    @allure.title(\"Проверка создания пользователя\")\n    @allure.description(\"\"\"\n    Этот тест проверяет:\n    - Регистрацию пользователя с позитивным сценарием\n    - Ввод рандомных значений с помощью библиотеки faker\n    - Проверка успеха прохождения регистрации\n    ИЛИ\n    - Проверка предупреждения, что пользователь уже создан с таким email\n    \"\"\")\n    @allure.link(\"https://jira.example.com/TEST-123\", name=\"JIRA Task\")\n    @allure.issue(\"BUG-456\", \"https://bugtracker.com/BUG-456\")\n    @allure.testcase(\"TC-789\", \"https://testcase.com/TC-789\")\n    def test_positive_registration_faker(browser, base_url, wait, faker_data):\n        #driver = webdriver.Chrome(service=Service(executable_path='C:/chromedriver.exe'))\n        # driver = webdriver.Chrome(service=Service(ChromeDriverManager().install()))\n        # driver.get(url)\n        with allure.step('Переход на страницу Регистрации'):\n            browser.get(f\"{base_url}/sign_up\")\n        #time.sleep(2)\n    \n        with allure.step('Заполнение поля email'):\n            email_field = wait.until(EC.presence_of_element_located((By.ID, \"email\")))\n            # EC.url_to_be()  #соответствие страницы на которую переходим\n            # EC.presence_of_element_located() # проверяет наличие элемента в дереве дом (не надо ждать пока отрисуется)\n            # EC.visibility_of_element_located() # проверяет видимость элемента и что пользователю виден\n            email_field.send_keys(faker_data[\"email\"])\n            #browser.find_element(By.ID, \"email\").send_keys(\"myuser1@mail.ru\")\n        with allure.step('Заполнение поля name'):\n            browser.find_element(By.ID, \"username\").send_keys(faker_data['name'])\n    \n        with allure.step('Заполнение поля password'):\n            browser.find_element(By.ID, \"pass1\").send_keys(faker_data['password'])\n            browser.find_element(By.ID, \"pass2\").send_keys(faker_data['password'])\n    \n        with allure.step('Зарегистрироваться'):\n            browser.find_element(By.CSS_SELECTOR, \".space-y-5>button\").click()\n        time.sleep(5)\n        with allure.step(\"Ожидаем страницу регистрации/авторизации\"):\n>           alert = browser.find_element(By.CSS_SELECTOR, \".Toastify__toast-body>div:nth-child(2)\")\n                    ^^^^^^^^^^^^^^^^^^^^^^^^^^^^^^^^^^^^^^^^^^^^^^^^^^^^^^^^^^^^^^^^^^^^^^^^^^^^^^^\n\ntests/test_ui/test_first.py:133: \n_ _ _ _ _ _ _ _ _ _ _ _ _ _ _ _ _ _ _ _ _ _ _ _ _ _ _ _ _ _ _ _ _ _ _ _ _ _ _ _ \n/usr/local/lib/python3.12/site-packages/selenium/webdriver/remote/webdriver.py:926: in find_element\n    return self.execute(Command.FIND_ELEMENT, {\"using\": by, \"value\": value})[\"value\"]\n           ^^^^^^^^^^^^^^^^^^^^^^^^^^^^^^^^^^^^^^^^^^^^^^^^^^^^^^^^^^^^^^^^^\n/usr/local/lib/python3.12/site-packages/selenium/webdriver/remote/webdriver.py:458: in execute\n    self.error_handler.check_response(response)\n_ _ _ _ _ _ _ _ _ _ _ _ _ _ _ _ _ _ _ _ _ _ _ _ _ _ _ _ _ _ _ _ _ _ _ _ _ _ _ _ \n\nself = <selenium.webdriver.remote.errorhandler.ErrorHandler object at 0x7f6d2c857260>\nresponse = {'status': 404, 'value': '{\"value\":{\"error\":\"no such element\",\"message\":\"no such element: Unable to locate element: {\\...\\\\n#16 0x55b37df24693 \\\\u003Cunknown>\\\\n#17 0x55b37df36613 \\\\u003Cunknown>\\\\n#18 0x7f0d09504b7b \\\\u003Cunknown>\\\\n\"}}'}\n\n    def check_response(self, response: dict[str, Any]) -> None:\n        \"\"\"Checks that a JSON response from the WebDriver does not have an\n        error.\n    \n        :Args:\n         - response - The JSON response from the WebDriver server as a dictionary\n           object.\n    \n        :Raises: If the response contains an error message.\n        \"\"\"\n        status = response.get(\"status\", None)\n        if not status or status == ErrorCode.SUCCESS:\n            return\n        value = None\n        message = response.get(\"message\", \"\")\n        screen: str = response.get(\"screen\", \"\")\n        stacktrace = None\n        if isinstance(status, int):\n            value_json = response.get(\"value\", None)\n            if value_json and isinstance(value_json, str):\n                try:\n                    value = json.loads(value_json)\n                    if isinstance(value, dict):\n                        if len(value) == 1:\n                            value = value[\"value\"]\n                        status = value.get(\"error\", None)\n                        if not status:\n                            status = value.get(\"status\", ErrorCode.UNKNOWN_ERROR)\n                            message = value.get(\"value\") or value.get(\"message\")\n                            if not isinstance(message, str):\n                                value = message\n                                message = message.get(\"message\") if isinstance(message, dict) else None\n                        else:\n                            message = value.get(\"message\", None)\n                except ValueError:\n                    pass\n    \n        exception_class: type[WebDriverException]\n        e = ErrorCode()\n        error_codes = [item for item in dir(e) if not item.startswith(\"__\")]\n        for error_code in error_codes:\n            error_info = getattr(ErrorCode, error_code)\n            if isinstance(error_info, list) and status in error_info:\n                exception_class = getattr(ExceptionMapping, error_code, WebDriverException)\n                break\n        else:\n            exception_class = WebDriverException\n    \n        if not value:\n            value = response[\"value\"]\n        if isinstance(value, str):\n            raise exception_class(value)\n        if message == \"\" and \"message\" in value:\n            message = value[\"message\"]\n    \n        screen = None  # type: ignore[assignment]\n        if \"screen\" in value:\n            screen = value[\"screen\"]\n    \n        stacktrace = None\n        st_value = value.get(\"stackTrace\") or value.get(\"stacktrace\")\n        if st_value:\n            if isinstance(st_value, str):\n                stacktrace = st_value.split(\"\\n\")\n            else:\n                stacktrace = []\n                try:\n                    for frame in st_value:\n                        line = frame.get(\"lineNumber\", \"\")\n                        file = frame.get(\"fileName\", \"<anonymous>\")\n                        if line:\n                            file = f\"{file}:{line}\"\n                        meth = frame.get(\"methodName\", \"<anonymous>\")\n                        if \"className\" in frame:\n                            meth = f\"{frame['className']}.{meth}\"\n                        msg = \"    at %s (%s)\"\n                        msg = msg % (meth, file)\n                        stacktrace.append(msg)\n                except TypeError:\n                    pass\n        if exception_class == UnexpectedAlertPresentException:\n            alert_text = None\n            if \"data\" in value:\n                alert_text = value[\"data\"].get(\"text\")\n            elif \"alert\" in value:\n                alert_text = value[\"alert\"].get(\"text\")\n            raise exception_class(message, screen, stacktrace, alert_text)  # type: ignore[call-arg]  # mypy is not smart enough here\n>       raise exception_class(message, screen, stacktrace)\nE       selenium.common.exceptions.NoSuchElementException: Message: no such element: Unable to locate element: {\"method\":\"css selector\",\"selector\":\".Toastify__toast-body>div:nth-child(2)\"}\nE         (Session info: chrome=141.0.7390.107); For documentation on this error, please visit: https://www.selenium.dev/documentation/webdriver/troubleshooting/errors#nosuchelementexception\nE       Stacktrace:\nE       #0 0x55b37df3767a <unknown>\nE       #1 0x55b37d9b6566 <unknown>\nE       #2 0x55b37da0868d <unknown>\nE       #3 0x55b37da08921 <unknown>\nE       #4 0x55b37da56e94 <unknown>\nE       #5 0x55b37da2e65d <unknown>\nE       #6 0x55b37da54328 <unknown>\nE       #7 0x55b37da2e403 <unknown>\nE       #8 0x55b37d9fab02 <unknown>\nE       #9 0x55b37d9fb7c1 <unknown>\nE       #10 0x55b37defb448 <unknown>\nE       #11 0x55b37deff2af <unknown>\nE       #12 0x55b37dee28d9 <unknown>\nE       #13 0x55b37deffe55 <unknown>\nE       #14 0x55b37dec813f <unknown>\nE       #15 0x55b37df244b8 <unknown>\nE       #16 0x55b37df24693 <unknown>\nE       #17 0x55b37df36613 <unknown>\nE       #18 0x7f0d09504b7b <unknown>\n\n/usr/local/lib/python3.12/site-packages/selenium/webdriver/remote/errorhandler.py:232: NoSuchElementException","steps":[{"name":"Переход на страницу Регистрации","time":{"start":1760648894069,"stop":1760648902006,"duration":7937},"status":"passed","steps":[],"attachments":[],"parameters":[],"shouldDisplayMessage":false,"attachmentsCount":0,"stepsCount":0,"hasContent":false,"attachmentStep":false},{"name":"Заполнение поля email","time":{"start":1760648902006,"stop":1760648902274,"duration":268},"status":"passed","steps":[],"attachments":[],"parameters":[],"shouldDisplayMessage":false,"attachmentsCount":0,"stepsCount":0,"hasContent":false,"attachmentStep":false},{"name":"Заполнение поля name","time":{"start":1760648902275,"stop":1760648902472,"duration":197},"status":"passed","steps":[],"attachments":[],"parameters":[],"shouldDisplayMessage":false,"attachmentsCount":0,"stepsCount":0,"hasContent":false,"attachmentStep":false},{"name":"Заполнение поля password","time":{"start":1760648902472,"stop":1760648902922,"duration":450},"status":"passed","steps":[],"attachments":[],"parameters":[],"shouldDisplayMessage":false,"attachmentsCount":0,"stepsCount":0,"hasContent":false,"attachmentStep":false},{"name":"Зарегистрироваться","time":{"start":1760648902922,"stop":1760648903155,"duration":233},"status":"passed","steps":[],"attachments":[],"parameters":[],"shouldDisplayMessage":false,"attachmentsCount":0,"stepsCount":0,"hasContent":false,"attachmentStep":false},{"name":"Ожидаем страницу регистрации/авторизации","time":{"start":1760648908147,"stop":1760648908172,"duration":25},"status":"broken","statusMessage":"selenium.common.exceptions.NoSuchElementException: Message: no such element: Unable to locate element: {\"method\":\"css selector\",\"selector\":\".Toastify__toast-body>div:nth-child(2)\"}\n  (Session info: chrome=141.0.7390.107); For documentation on this error, please visit: https://www.selenium.dev/documentation/webdriver/troubleshooting/errors#nosuchelementexception\nStacktrace:\n#0 0x55b37df3767a <unknown>\n#1 0x55b37d9b6566 <unknown>\n#2 0x55b37da0868d <unknown>\n#3 0x55b37da08921 <unknown>\n#4 0x55b37da56e94 <unknown>\n#5 0x55b37da2e65d <unknown>\n#6 0x55b37da54328 <unknown>\n#7 0x55b37da2e403 <unknown>\n#8 0x55b37d9fab02 <unknown>\n#9 0x55b37d9fb7c1 <unknown>\n#10 0x55b37defb448 <unknown>\n#11 0x55b37deff2af <unknown>\n#12 0x55b37dee28d9 <unknown>\n#13 0x55b37deffe55 <unknown>\n#14 0x55b37dec813f <unknown>\n#15 0x55b37df244b8 <unknown>\n#16 0x55b37df24693 <unknown>\n#17 0x55b37df36613 <unknown>\n#18 0x7f0d09504b7b <unknown>\n\n","statusTrace":"  File \"/app/tests/test_ui/test_first.py\", line 133, in test_positive_registration_faker\n    alert = browser.find_element(By.CSS_SELECTOR, \".Toastify__toast-body>div:nth-child(2)\")\n            ^^^^^^^^^^^^^^^^^^^^^^^^^^^^^^^^^^^^^^^^^^^^^^^^^^^^^^^^^^^^^^^^^^^^^^^^^^^^^^^\n  File \"/usr/local/lib/python3.12/site-packages/selenium/webdriver/remote/webdriver.py\", line 926, in find_element\n    return self.execute(Command.FIND_ELEMENT, {\"using\": by, \"value\": value})[\"value\"]\n           ^^^^^^^^^^^^^^^^^^^^^^^^^^^^^^^^^^^^^^^^^^^^^^^^^^^^^^^^^^^^^^^^^\n  File \"/usr/local/lib/python3.12/site-packages/selenium/webdriver/remote/webdriver.py\", line 458, in execute\n    self.error_handler.check_response(response)\n  File \"/usr/local/lib/python3.12/site-packages/selenium/webdriver/remote/errorhandler.py\", line 232, in check_response\n    raise exception_class(message, screen, stacktrace)\n","steps":[],"attachments":[],"parameters":[],"shouldDisplayMessage":true,"attachmentsCount":0,"stepsCount":0,"hasContent":true,"attachmentStep":false}],"attachments":[{"uid":"321b83736ff4303b","name":"stdout","source":"321b83736ff4303b.txt","type":"text/plain","size":91}],"parameters":[],"shouldDisplayMessage":true,"attachmentsCount":1,"stepsCount":6,"hasContent":true,"attachmentStep":false},"afterStages":[{"name":"browser::0","time":{"start":1760648909379,"stop":1760648909647,"duration":268},"status":"passed","steps":[],"attachments":[],"parameters":[],"shouldDisplayMessage":false,"attachmentsCount":0,"stepsCount":0,"hasContent":false,"attachmentStep":false}],"labels":[{"name":"owner","value":"QA - evgeny_gord"},{"name":"suite","value":"Смоук тесты"},{"name":"tag","value":"ui"},{"name":"as_id","value":"TEST-123"},{"name":"severity","value":"critical"},{"name":"tag","value":"smoke"},{"name":"epic","value":"Аутентификация и авторизация"},{"name":"feature","value":"Регистрация пользователей"},{"name":"parentSuite","value":"tests.test_ui"},{"name":"host","value":"a42752c9b9f3"},{"name":"thread","value":"1-MainThread"},{"name":"framework","value":"pytest"},{"name":"language","value":"cpython3"},{"name":"package","value":"tests.test_ui.test_first"},{"name":"resultFormat","value":"allure2"}],"parameters":[],"links":[{"name":"https://testcase.com/TC-789","url":"TC-789","type":"tms"},{"name":"https://bugtracker.com/BUG-456","url":"BUG-456","type":"issue"},{"name":"JIRA Task","url":"https://jira.example.com/TEST-123","type":"link"}],"hidden":true,"retry":true,"extra":{"categories":[],"tags":["ui","smoke"]},"source":"f3bd08fb5107361a.json","parameterValues":[]}